[debug] [2025-08-27T19:11:52.882Z] ----------------------------------------------------------------------
[debug] [2025-08-27T19:11:52.884Z] Command:       /usr/local/bin/node /Users/eliastlcthomas/.npm/_npx/7750544ccf494d8b/node_modules/.bin/firebase init
[debug] [2025-08-27T19:11:52.884Z] CLI Version:   14.14.0
[debug] [2025-08-27T19:11:52.884Z] Platform:      darwin
[debug] [2025-08-27T19:11:52.884Z] Node Version:  v22.16.0
[debug] [2025-08-27T19:11:52.884Z] Time:          Wed Aug 27 2025 23:11:52 GMT+0400 (Gulf Standard Time)
[debug] [2025-08-27T19:11:52.885Z] ----------------------------------------------------------------------
[debug] 
[debug] [2025-08-27T19:11:52.888Z] > command requires scopes: ["email","openid","https://www.googleapis.com/auth/cloudplatformprojects.readonly","https://www.googleapis.com/auth/firebase","https://www.googleapis.com/auth/cloud-platform"]
[debug] [2025-08-27T19:11:52.888Z] > authorizing via signed-in user (elias@twetemo.com)
[info] 
     ######## #### ########  ######## ########     ###     ######  ########
     ##        ##  ##     ## ##       ##     ##  ##   ##  ##       ##
     ######    ##  ########  ######   ########  #########  ######  ######
     ##        ##  ##    ##  ##       ##     ## ##     ##       ## ##
     ##       #### ##     ## ######## ########  ##     ##  ######  ########

You're about to initialize a Firebase project in this directory:

  /Users/eliastlcthomas/Downloads/Student_Visualization_Tool/student_tracking_system/app

[info] 
=== Project Setup
[info] 
[info] First, let's associate this project directory with a Firebase project.
[info] You can create multiple project aliases by running firebase use --add, 
[info] but for now we'll just set up a default project.
[info] 
[debug] [2025-08-27T19:12:12.114Z] Checked if tokens are valid: true, expires at: 1756325441597
[debug] [2025-08-27T19:12:12.114Z] Checked if tokens are valid: true, expires at: 1756325441597
[debug] [2025-08-27T19:12:12.115Z] >>> [apiv2][query] GET https://firebase.googleapis.com/v1beta1/projects pageSize=100
[debug] [2025-08-27T19:12:12.840Z] <<< [apiv2][status] GET https://firebase.googleapis.com/v1beta1/projects 200
[debug] [2025-08-27T19:12:12.840Z] <<< [apiv2][body] GET https://firebase.googleapis.com/v1beta1/projects [omitted]
[info] i  Using project mystudents-hct-al-ain (MY students) 
[info] 
=== Dataconnect Setup
[debug] [2025-08-27T19:12:18.654Z] Checked if tokens are valid: true, expires at: 1756325441597
[debug] [2025-08-27T19:12:18.654Z] Checked if tokens are valid: true, expires at: 1756325441597
[debug] [2025-08-27T19:12:18.654Z] >>> [apiv2][query] GET https://cloudbilling.googleapis.com/v1/projects/mystudents-hct-al-ain/billingInfo [none]
[debug] [2025-08-27T19:12:19.106Z] <<< [apiv2][status] GET https://cloudbilling.googleapis.com/v1/projects/mystudents-hct-al-ain/billingInfo 200
[debug] [2025-08-27T19:12:19.106Z] <<< [apiv2][body] GET https://cloudbilling.googleapis.com/v1/projects/mystudents-hct-al-ain/billingInfo {"name":"projects/mystudents-hct-al-ain/billingInfo","projectId":"mystudents-hct-al-ain","billingAccountName":"","billingEnabled":false}
[info] i  dataconnect: ensuring required API firebasedataconnect.googleapis.com is enabled... 
[info] i  dataconnect: ensuring required API sqladmin.googleapis.com is enabled... 
[debug] [2025-08-27T19:12:19.107Z] Checked if tokens are valid: true, expires at: 1756325441597
[debug] [2025-08-27T19:12:19.107Z] Checked if tokens are valid: true, expires at: 1756325441597
[debug] [2025-08-27T19:12:19.107Z] >>> [apiv2][query] GET https://firebasedataconnect.googleapis.com/v1/projects/mystudents-hct-al-ain/locations/-/services [none]
[debug] [2025-08-27T19:12:20.895Z] <<< [apiv2][status] GET https://firebasedataconnect.googleapis.com/v1/projects/mystudents-hct-al-ain/locations/-/services 200
[debug] [2025-08-27T19:12:20.895Z] <<< [apiv2][body] GET https://firebasedataconnect.googleapis.com/v1/projects/mystudents-hct-al-ain/locations/-/services {}
[info] i  dataconnect: ensuring required API cloudaicompanion.googleapis.com is enabled... 
[debug] [2025-08-27T19:12:45.374Z] Checked if tokens are valid: true, expires at: 1756325441597
[debug] [2025-08-27T19:12:45.374Z] Checked if tokens are valid: true, expires at: 1756325441597
[debug] [2025-08-27T19:12:45.375Z] >>> [apiv2][query] GET https://serviceusage.googleapis.com/v1/projects/mystudents-hct-al-ain/services/cloudaicompanion.googleapis.com [none]
[debug] [2025-08-27T19:12:45.375Z] >>> [apiv2][(partial)header] GET https://serviceusage.googleapis.com/v1/projects/mystudents-hct-al-ain/services/cloudaicompanion.googleapis.com x-goog-quota-user=projects/mystudents-hct-al-ain
[debug] [2025-08-27T19:12:46.951Z] <<< [apiv2][status] GET https://serviceusage.googleapis.com/v1/projects/mystudents-hct-al-ain/services/cloudaicompanion.googleapis.com 200
[debug] [2025-08-27T19:12:46.951Z] <<< [apiv2][body] GET https://serviceusage.googleapis.com/v1/projects/mystudents-hct-al-ain/services/cloudaicompanion.googleapis.com [omitted]
[warn] ⚠  dataconnect: missing required API cloudaicompanion.googleapis.com. Enabling now... 
[debug] [2025-08-27T19:12:46.952Z] Checked if tokens are valid: true, expires at: 1756325441597
[debug] [2025-08-27T19:12:46.953Z] Checked if tokens are valid: true, expires at: 1756325441597
[debug] [2025-08-27T19:12:46.953Z] >>> [apiv2][query] POST https://serviceusage.googleapis.com/v1/projects/mystudents-hct-al-ain/services/cloudaicompanion.googleapis.com:enable [none]
[debug] [2025-08-27T19:12:46.953Z] >>> [apiv2][(partial)header] POST https://serviceusage.googleapis.com/v1/projects/mystudents-hct-al-ain/services/cloudaicompanion.googleapis.com:enable x-goog-quota-user=projects/mystudents-hct-al-ain
[debug] [2025-08-27T19:12:47.741Z] <<< [apiv2][status] POST https://serviceusage.googleapis.com/v1/projects/mystudents-hct-al-ain/services/cloudaicompanion.googleapis.com:enable 200
[debug] [2025-08-27T19:12:47.742Z] <<< [apiv2][body] POST https://serviceusage.googleapis.com/v1/projects/mystudents-hct-al-ain/services/cloudaicompanion.googleapis.com:enable [omitted]
[debug] [2025-08-27T19:12:57.756Z] Checked if tokens are valid: true, expires at: 1756325441597
[debug] [2025-08-27T19:12:57.756Z] Checked if tokens are valid: true, expires at: 1756325441597
[debug] [2025-08-27T19:12:57.757Z] >>> [apiv2][query] POST https://firebasedataconnect.googleapis.com/v1/projects/mystudents-hct-al-ain/locations/us-central1/services service_id=app
[debug] [2025-08-27T19:12:57.757Z] >>> [apiv2][body] POST https://firebasedataconnect.googleapis.com/v1/projects/mystudents-hct-al-ain/locations/us-central1/services {"name":"projects/mystudents-hct-al-ain/locations/us-central1/services/app"}
[debug] [2025-08-27T19:13:01.587Z] <<< [apiv2][status] POST https://firebasedataconnect.googleapis.com/v1/projects/mystudents-hct-al-ain/locations/us-central1/services 200
[debug] [2025-08-27T19:13:01.587Z] <<< [apiv2][body] POST https://firebasedataconnect.googleapis.com/v1/projects/mystudents-hct-al-ain/locations/us-central1/services {"name":"projects/mystudents-hct-al-ain/locations/us-central1/operations/operation-1756321979412-63d5d93b1ae74-9c1ae2fa-db353ac9","metadata":{"@type":"type.googleapis.com/google.firebase.dataconnect.v1.OperationMetadata","createTime":"2025-08-27T19:13:01.728190976Z","target":"projects/mystudents-hct-al-ain/locations/us-central1/services/app","verb":"create","requestedCancellation":false,"apiVersion":"v1"},"done":false}
[debug] [2025-08-27T19:13:01.590Z] Checked if tokens are valid: true, expires at: 1756325441597
[debug] [2025-08-27T19:13:01.590Z] Checked if tokens are valid: true, expires at: 1756325441597
[debug] [2025-08-27T19:13:01.591Z] >>> [apiv2][query] GET https://firebasedataconnect.googleapis.com/v1/projects/mystudents-hct-al-ain/locations/us-central1/operations/operation-1756321979412-63d5d93b1ae74-9c1ae2fa-db353ac9 [none]
[debug] [2025-08-27T19:13:01.901Z] <<< [apiv2][status] GET https://firebasedataconnect.googleapis.com/v1/projects/mystudents-hct-al-ain/locations/us-central1/operations/operation-1756321979412-63d5d93b1ae74-9c1ae2fa-db353ac9 200
[debug] [2025-08-27T19:13:01.901Z] <<< [apiv2][body] GET https://firebasedataconnect.googleapis.com/v1/projects/mystudents-hct-al-ain/locations/us-central1/operations/operation-1756321979412-63d5d93b1ae74-9c1ae2fa-db353ac9 {"name":"projects/mystudents-hct-al-ain/locations/us-central1/operations/operation-1756321979412-63d5d93b1ae74-9c1ae2fa-db353ac9","metadata":{"@type":"type.googleapis.com/google.firebase.dataconnect.v1.OperationMetadata","createTime":"2025-08-27T19:13:01.728190976Z","target":"projects/mystudents-hct-al-ain/locations/us-central1/services/app","verb":"create","requestedCancellation":false,"apiVersion":"v1"},"done":false}
[debug] [2025-08-27T19:13:02.403Z] [LRO Poller] Retrying task index 0
[debug] [2025-08-27T19:13:02.404Z] Checked if tokens are valid: true, expires at: 1756325441597
[debug] [2025-08-27T19:13:02.404Z] Checked if tokens are valid: true, expires at: 1756325441597
[debug] [2025-08-27T19:13:02.404Z] >>> [apiv2][query] GET https://firebasedataconnect.googleapis.com/v1/projects/mystudents-hct-al-ain/locations/us-central1/operations/operation-1756321979412-63d5d93b1ae74-9c1ae2fa-db353ac9 [none]
[debug] [2025-08-27T19:13:02.674Z] <<< [apiv2][status] GET https://firebasedataconnect.googleapis.com/v1/projects/mystudents-hct-al-ain/locations/us-central1/operations/operation-1756321979412-63d5d93b1ae74-9c1ae2fa-db353ac9 200
[debug] [2025-08-27T19:13:02.674Z] <<< [apiv2][body] GET https://firebasedataconnect.googleapis.com/v1/projects/mystudents-hct-al-ain/locations/us-central1/operations/operation-1756321979412-63d5d93b1ae74-9c1ae2fa-db353ac9 {"name":"projects/mystudents-hct-al-ain/locations/us-central1/operations/operation-1756321979412-63d5d93b1ae74-9c1ae2fa-db353ac9","metadata":{"@type":"type.googleapis.com/google.firebase.dataconnect.v1.OperationMetadata","createTime":"2025-08-27T19:13:01.728190976Z","target":"projects/mystudents-hct-al-ain/locations/us-central1/services/app","verb":"create","requestedCancellation":false,"apiVersion":"v1"},"done":false}
[debug] [2025-08-27T19:13:03.675Z] [LRO Poller] Retrying task index 0
[debug] [2025-08-27T19:13:03.675Z] Checked if tokens are valid: true, expires at: 1756325441597
[debug] [2025-08-27T19:13:03.675Z] Checked if tokens are valid: true, expires at: 1756325441597
[debug] [2025-08-27T19:13:03.676Z] >>> [apiv2][query] GET https://firebasedataconnect.googleapis.com/v1/projects/mystudents-hct-al-ain/locations/us-central1/operations/operation-1756321979412-63d5d93b1ae74-9c1ae2fa-db353ac9 [none]
[debug] [2025-08-27T19:13:03.954Z] <<< [apiv2][status] GET https://firebasedataconnect.googleapis.com/v1/projects/mystudents-hct-al-ain/locations/us-central1/operations/operation-1756321979412-63d5d93b1ae74-9c1ae2fa-db353ac9 200
[debug] [2025-08-27T19:13:03.954Z] <<< [apiv2][body] GET https://firebasedataconnect.googleapis.com/v1/projects/mystudents-hct-al-ain/locations/us-central1/operations/operation-1756321979412-63d5d93b1ae74-9c1ae2fa-db353ac9 {"name":"projects/mystudents-hct-al-ain/locations/us-central1/operations/operation-1756321979412-63d5d93b1ae74-9c1ae2fa-db353ac9","metadata":{"@type":"type.googleapis.com/google.firebase.dataconnect.v1.OperationMetadata","createTime":"2025-08-27T19:13:01.728190976Z","endTime":"2025-08-27T19:13:02.955394992Z","target":"projects/mystudents-hct-al-ain/locations/us-central1/services/app","verb":"create","requestedCancellation":false,"apiVersion":"v1"},"done":true,"response":{"@type":"type.googleapis.com/google.firebase.dataconnect.v1.Service","name":"projects/mystudents-hct-al-ain/locations/us-central1/services/app","createTime":"2025-08-27T19:13:01.723181930Z","updateTime":"2025-08-27T19:13:01.723181930Z","uid":"09ef99ed-c5e1-4f8a-be11-3f79ecfcd817","reconciling":false,"etag":"ieSKCHis9BPJEviHDgPnAgDAc2RFvP-CSfHJ4pdwjW4"}}
[debug] [2025-08-27T19:13:03.957Z] Checked if tokens are valid: true, expires at: 1756325441597
[debug] [2025-08-27T19:13:03.957Z] Checked if tokens are valid: true, expires at: 1756325441597
[debug] [2025-08-27T19:13:03.957Z] >>> [apiv2][query] POST https://cloudaicompanion.googleapis.com/v1beta/projects/mystudents-hct-al-ain/locations/global/instances/default:completeTask [none]
[debug] [2025-08-27T19:13:03.958Z] >>> [apiv2][body] POST https://cloudaicompanion.googleapis.com/v1beta/projects/mystudents-hct-al-ain/locations/global/instances/default:completeTask {"input":{"messages":[{"content":"student contact ","author":"USER"}]},"experienceContext":{"experience":"/appeco/firebase/fdc-schema-generator"}}
[debug] [2025-08-27T19:13:11.881Z] <<< [apiv2][status] POST https://cloudaicompanion.googleapis.com/v1beta/projects/mystudents-hct-al-ain/locations/global/instances/default:completeTask 200
[debug] [2025-08-27T19:13:11.881Z] <<< [apiv2][body] POST https://cloudaicompanion.googleapis.com/v1beta/projects/mystudents-hct-al-ain/locations/global/instances/default:completeTask {"output":{"messages":[{"content":"```graphql\ntype User @table {\n  displayName: String!\n  email: String!\n  userType: String!\n  createdAt: Timestamp!\n  photoUrl: String\n  contactInfo: String\n  bio: String\n}\n\ntype Course @table {\n  courseCode: String!\n  courseName: String!\n  academicYear: String!\n  semester: String!\n  createdAt: Timestamp!\n  description: String\n}\n\ntype Enrollment @table(key: [\"student\", \"course\"]) {\n  student: User!\n  course: Course!\n  enrollmentDate: Timestamp!\n  status: String\n}\n\ntype InstructorAssignment @table(key: [\"instructor\", \"course\"]) {\n  instructor: User!\n  course: Course!\n  assignmentDate: Timestamp!\n  role: String\n}\n\ntype Group @table {\n  course: Course!\n  groupName: String!\n  createdAt: Timestamp!\n  description: String\n  purpose: String\n}\n\ntype Message @table {\n  sender: User!\n  recipient: User\n  group: Group\n  content: String!\n  sentAt: Timestamp!\n  readAt: Timestamp\n  attachmentUrl: String\n}\n\ntype GroupMembership @table(key: [\"user\", \"group\"]) {\n  user: User!\n  group: Group!\n  joinedAt: Timestamp!\n  role: String\n}\n```\n"}]},"displayContext":{"additionalContext":{"@type":"type.googleapis.com/google.cloud.cloudaicompanion.v1main.FirebaseChatDisplayContext","firebaseFdcDisplayContext":{"schemaSyntaxError":""}}}}
[debug] [2025-08-27T19:13:11.882Z] Checked if tokens are valid: true, expires at: 1756325441597
[debug] [2025-08-27T19:13:11.882Z] Checked if tokens are valid: true, expires at: 1756325441597
[debug] [2025-08-27T19:13:11.882Z] >>> [apiv2][query] PATCH https://firebasedataconnect.googleapis.com/v1/projects/mystudents-hct-al-ain/locations/us-central1/services/app/schemas/main allowMissing=true&validateOnly=false
[debug] [2025-08-27T19:13:11.882Z] >>> [apiv2][body] PATCH https://firebasedataconnect.googleapis.com/v1/projects/mystudents-hct-al-ain/locations/us-central1/services/app/schemas/main {"name":"projects/mystudents-hct-al-ain/locations/us-central1/services/app/schemas/main","datasources":[{"postgresql":{}}],"source":{"files":[{"path":"schema.gql","content":"type User @table {\n  displayName: String!\n  email: String!\n  userType: String!\n  createdAt: Timestamp!\n  photoUrl: String\n  contactInfo: String\n  bio: String\n}\n\ntype Course @table {\n  courseCode: String!\n  courseName: String!\n  academicYear: String!\n  semester: String!\n  createdAt: Timestamp!\n  description: String\n}\n\ntype Enrollment @table(key: [\"student\", \"course\"]) {\n  student: User!\n  course: Course!\n  enrollmentDate: Timestamp!\n  status: String\n}\n\ntype InstructorAssignment @table(key: [\"instructor\", \"course\"]) {\n  instructor: User!\n  course: Course!\n  assignmentDate: Timestamp!\n  role: String\n}\n\ntype Group @table {\n  course: Course!\n  groupName: String!\n  createdAt: Timestamp!\n  description: String\n  purpose: String\n}\n\ntype Message @table {\n  sender: User!\n  recipient: User\n  group: Group\n  content: String!\n  sentAt: Timestamp!\n  readAt: Timestamp\n  attachmentUrl: String\n}\n\ntype GroupMembership @table(key: [\"user\", \"group\"]) {\n  user: User!\n  group: Group!\n  joinedAt: Timestamp!\n  role: String\n}"}]}}
[debug] [2025-08-27T19:13:13.438Z] <<< [apiv2][status] PATCH https://firebasedataconnect.googleapis.com/v1/projects/mystudents-hct-al-ain/locations/us-central1/services/app/schemas/main 200
[debug] [2025-08-27T19:13:13.438Z] <<< [apiv2][body] PATCH https://firebasedataconnect.googleapis.com/v1/projects/mystudents-hct-al-ain/locations/us-central1/services/app/schemas/main {"name":"projects/mystudents-hct-al-ain/locations/us-central1/operations/operation-1756321993504-63d5d9488b514-609d09bd-13aae920","metadata":{"@type":"type.googleapis.com/google.firebase.dataconnect.v1.OperationMetadata","createTime":"2025-08-27T19:13:13.589205075Z","target":"projects/mystudents-hct-al-ain/locations/us-central1/services/app/schemas/main","verb":"update","requestedCancellation":false,"apiVersion":"v1"},"done":false}
[debug] [2025-08-27T19:13:13.438Z] Checked if tokens are valid: true, expires at: 1756325441597
[debug] [2025-08-27T19:13:13.438Z] Checked if tokens are valid: true, expires at: 1756325441597
[debug] [2025-08-27T19:13:13.438Z] >>> [apiv2][query] GET https://firebasedataconnect.googleapis.com/v1/projects/mystudents-hct-al-ain/locations/us-central1/operations/operation-1756321993504-63d5d9488b514-609d09bd-13aae920 [none]
[debug] [2025-08-27T19:13:13.695Z] <<< [apiv2][status] GET https://firebasedataconnect.googleapis.com/v1/projects/mystudents-hct-al-ain/locations/us-central1/operations/operation-1756321993504-63d5d9488b514-609d09bd-13aae920 200
[debug] [2025-08-27T19:13:13.695Z] <<< [apiv2][body] GET https://firebasedataconnect.googleapis.com/v1/projects/mystudents-hct-al-ain/locations/us-central1/operations/operation-1756321993504-63d5d9488b514-609d09bd-13aae920 {"name":"projects/mystudents-hct-al-ain/locations/us-central1/operations/operation-1756321993504-63d5d9488b514-609d09bd-13aae920","metadata":{"@type":"type.googleapis.com/google.firebase.dataconnect.v1.OperationMetadata","createTime":"2025-08-27T19:13:13.589205075Z","target":"projects/mystudents-hct-al-ain/locations/us-central1/services/app/schemas/main","verb":"update","requestedCancellation":false,"apiVersion":"v1"},"done":false}
[debug] [2025-08-27T19:13:14.196Z] [LRO Poller] Retrying task index 0
[debug] [2025-08-27T19:13:14.197Z] Checked if tokens are valid: true, expires at: 1756325441597
[debug] [2025-08-27T19:13:14.197Z] Checked if tokens are valid: true, expires at: 1756325441597
[debug] [2025-08-27T19:13:14.197Z] >>> [apiv2][query] GET https://firebasedataconnect.googleapis.com/v1/projects/mystudents-hct-al-ain/locations/us-central1/operations/operation-1756321993504-63d5d9488b514-609d09bd-13aae920 [none]
[debug] [2025-08-27T19:13:14.445Z] <<< [apiv2][status] GET https://firebasedataconnect.googleapis.com/v1/projects/mystudents-hct-al-ain/locations/us-central1/operations/operation-1756321993504-63d5d9488b514-609d09bd-13aae920 200
[debug] [2025-08-27T19:13:14.445Z] <<< [apiv2][body] GET https://firebasedataconnect.googleapis.com/v1/projects/mystudents-hct-al-ain/locations/us-central1/operations/operation-1756321993504-63d5d9488b514-609d09bd-13aae920 {"name":"projects/mystudents-hct-al-ain/locations/us-central1/operations/operation-1756321993504-63d5d9488b514-609d09bd-13aae920","metadata":{"@type":"type.googleapis.com/google.firebase.dataconnect.v1.OperationMetadata","createTime":"2025-08-27T19:13:13.589205075Z","endTime":"2025-08-27T19:13:13.875752528Z","target":"projects/mystudents-hct-al-ain/locations/us-central1/services/app/schemas/main","verb":"update","requestedCancellation":false,"apiVersion":"v1"},"done":true,"response":{"@type":"type.googleapis.com/google.firebase.dataconnect.v1.Schema","name":"projects/mystudents-hct-al-ain/locations/us-central1/services/app/schemas/main","createTime":"2025-08-27T19:13:13.581412834Z","updateTime":"2025-08-27T19:13:13.581412834Z","uid":"9061f472-fc72-42ef-ad60-d0ebd73385b5","reconciling":false,"etag":"10iBh_fxw34BDN1akL-uTKN47H_RxGfHwbAcH6s2Bac"}}
[debug] [2025-08-27T19:13:14.446Z] Checked if tokens are valid: true, expires at: 1756325441597
[debug] [2025-08-27T19:13:14.446Z] Checked if tokens are valid: true, expires at: 1756325441597
[debug] [2025-08-27T19:13:14.448Z] Checked if tokens are valid: true, expires at: 1756325441597
[debug] [2025-08-27T19:13:14.448Z] Checked if tokens are valid: true, expires at: 1756325441597
[debug] [2025-08-27T19:13:14.448Z] >>> [apiv2][query] POST https://cloudaicompanion.googleapis.com/v1beta/projects/mystudents-hct-al-ain/locations/global/instances/default:completeTask [none]
[debug] [2025-08-27T19:13:14.448Z] >>> [apiv2][body] POST https://cloudaicompanion.googleapis.com/v1beta/projects/mystudents-hct-al-ain/locations/global/instances/default:completeTask {"input":{"messages":[{"content":"Create 4 operations for an app using the instance schema with proper authentication.","author":"USER"}]},"experienceContext":{"experience":"/appeco/firebase/fdc-query-generator"},"clientContext":{"additionalContext":{"@type":"type.googleapis.com/google.cloud.cloudaicompanion.v1main.FirebaseChatRequestContext","fdcInfo":{"fdcServiceName":"projects/mystudents-hct-al-ain/locations/us-central1/services/app","requiresQuery":true}}}}
[debug] [2025-08-27T19:13:14.449Z] >>> [apiv2][query] POST https://cloudaicompanion.googleapis.com/v1beta/projects/mystudents-hct-al-ain/locations/global/instances/default:completeTask [none]
[debug] [2025-08-27T19:13:14.449Z] >>> [apiv2][body] POST https://cloudaicompanion.googleapis.com/v1beta/projects/mystudents-hct-al-ain/locations/global/instances/default:completeTask {"input":{"messages":[{"content":"Create a mutation to populate the database with some seed data.","author":"USER"}]},"experienceContext":{"experience":"/appeco/firebase/fdc-query-generator"},"clientContext":{"additionalContext":{"@type":"type.googleapis.com/google.cloud.cloudaicompanion.v1main.FirebaseChatRequestContext","fdcInfo":{"fdcServiceName":"projects/mystudents-hct-al-ain/locations/us-central1/services/app","requiresQuery":true}}}}
[debug] [2025-08-27T19:13:18.179Z] <<< [apiv2][status] POST https://cloudaicompanion.googleapis.com/v1beta/projects/mystudents-hct-al-ain/locations/global/instances/default:completeTask 200
[debug] [2025-08-27T19:13:18.179Z] <<< [apiv2][body] POST https://cloudaicompanion.googleapis.com/v1beta/projects/mystudents-hct-al-ain/locations/global/instances/default:completeTask {"output":{"messages":[{"content":"```graphql\nmutation InsertNewCourse @auth(level: USER) {\n  course_insert(data: {\n    academicYear: \"2024-2025\"\n    courseCode: \"CS101\"\n    courseName: \"Introduction to Computer Science\"\n    semester: \"Fall\"\n    description: \"A foundational course in computer science.\"\n    createdAt_expr: \"request.time\"\n  })\n}\n\nquery ListAllCourses @auth(level: PUBLIC) {\n  courses {\n    id\n    academicYear\n    courseCode\n    courseName\n    semester\n    description\n    createdAt\n  }\n}\n\nmutation UpdateCourseDescription($id: UUID!, $description: String!) @auth(level: USER) {\n  course_update(\n    id: $id\n    data: {\n      description: $description\n    }\n  )\n}\n\nmutation DeleteCourse($id: UUID!) @auth(level: USER) {\n  course_delete(id: $id)\n}\n```","author":"model"}]},"outputDataContext":{"additionalContext":{"@type":"type.googleapis.com/google.cloud.cloudaicompanion.v1main.ChatOutputDataContext","relatedContent":{}}},"attributionContext":{"citationMetadata":{}}}
[debug] [2025-08-27T19:13:19.571Z] <<< [apiv2][status] POST https://cloudaicompanion.googleapis.com/v1beta/projects/mystudents-hct-al-ain/locations/global/instances/default:completeTask 200
[debug] [2025-08-27T19:13:19.571Z] <<< [apiv2][body] POST https://cloudaicompanion.googleapis.com/v1beta/projects/mystudents-hct-al-ain/locations/global/instances/default:completeTask {"output":{"messages":[{"content":"```graphql\nmutation SeedDatabase @auth(level: NO_ACCESS) {\n  user_insertMany(data: [\n    {\n      id: \"11111111-1111-1111-1111-111111111111\",\n      displayName: \"Bob Instructor\",\n      email: \"bobinstructor@example.com\",\n      userType: \"instructor\",\n      createdAt: \"2024-01-29T10:00:00Z\"\n    },\n    {\n      id: \"22222222-2222-2222-2222-222222222222\",\n      displayName: \"Alice Student\",\n      email: \"alicestudent@example.com\",\n      userType: \"student\",\n      createdAt: \"2024-01-29T10:00:00Z\"\n    }\n  ])\n  course_insertMany(data: [\n    {\n      id: \"33333333-3333-3333-3333-333333333333\",\n      courseName: \"Introduction to GraphQL\",\n      courseCode: \"GQL101\",\n      academicYear: \"2024\",\n      semester: \"Spring\",\n      createdAt: \"2024-01-29T10:00:00Z\"\n    }\n  ])\n  instructorAssignment_insertMany(data: [\n    {\n      instructorId: \"11111111-1111-1111-1111-111111111111\",\n      courseId: \"33333333-3333-3333-3333-333333333333\",\n      assignmentDate: \"2024-01-29T10:00:00Z\",\n      role: \"primary\"\n    }\n  ])\n  enrollment_insertMany(data: [\n    {\n      studentId: \"22222222-2222-2222-2222-222222222222\",\n      courseId: \"33333333-3333-3333-3333-333333333333\",\n      enrollmentDate: \"2024-01-29T10:00:00Z\",\n      status: \"active\"\n    }\n  ])\n}\n```","author":"model"}]},"outputDataContext":{"additionalContext":{"@type":"type.googleapis.com/google.cloud.cloudaicompanion.v1main.ChatOutputDataContext","relatedContent":{}}},"attributionContext":{"citationMetadata":{}}}
[info] ✔  Wrote dataconnect/dataconnect.yaml 
[info] ✔  Wrote dataconnect/seed_data.gql 
[info] ✔  Wrote dataconnect/schema/schema.gql 
[info] ✔  Wrote dataconnect/example/connector.yaml 
[info] ✔  Wrote dataconnect/example/queries.gql 
[info] ✔  Detected WEB app in directory /Users/eliastlcthomas/Downloads/Student_Visualization_Tool/student_tracking_system/app 
[info] i  Detected react app. Enabling react generated SDKs. 
[info] i  Writing your new SDK configuration to /Users/eliastlcthomas/Downloads/Student_Visualization_Tool/student_tracking_system/app/dataconnect/example/connector.yaml 
[info] ✔  Wrote dataconnect/example/connector.yaml 
[info] i  dataconnect: downloading dataconnect-emulator-2.11.2... {"metadata":{"emulator":{"name":"dataconnect"},"message":"downloading dataconnect-emulator-2.11.2..."}}
[debug] [2025-08-27T19:15:58.906Z] >>> [apiv2][query] GET https://storage.googleapis.com/firemat-preview-drop/emulator/dataconnect-emulator-macos-v2.11.2 
[debug] [2025-08-27T19:15:59.929Z] <<< [apiv2][status] GET https://storage.googleapis.com/firemat-preview-drop/emulator/dataconnect-emulator-macos-v2.11.2 200
[debug] [2025-08-27T19:15:59.930Z] <<< [apiv2][body] GET https://storage.googleapis.com/firemat-preview-drop/emulator/dataconnect-emulator-macos-v2.11.2 [stream]
[info] i  dataconnect: Removing outdated emulator files: dataconnect-emulator-2.11.1 {"metadata":{"emulator":{"name":"dataconnect"},"message":"Removing outdated emulator files: dataconnect-emulator-2.11.1"}}
[debug] [2025-08-27T19:16:10.479Z] defaultcredentials: writing to file /Users/eliastlcthomas/.config/firebase/elias_twetemo_com_application_default_credentials.json
[info] I0827 23:16:13.637659   19844 codegen.go:82] [connector "example" javascriptSdk] Generating sources into "/Users/eliastlcthomas/Downloads/Student_Visualization_Tool/student_tracking_system/app/dataconnect-generated/js/example-connector"
I0827 23:16:13.651750   19844 generate.go:40] Generated all sources. Writing them to disk...
I0827 23:16:13.654164   19844 collector.go:107] connector "example" javascriptSdk wrote into "/Users/eliastlcthomas/Downloads/Student_Visualization_Tool/student_tracking_system/app/dataconnect-generated/js/example-connector"
Generated sources: README.md [20974B] react/esm/package.json [17B] react/index.cjs.js [1736B] esm/index.esm.js [1782B] package.json [852B] react/index.d.ts [2168B] react/package.json [460B] react/esm/index.esm.js [1636B] react/README.md [28300B] index.d.ts [4254B] esm/package.json [17B] index.cjs.js [2082B] 
I0827 23:16:13.656290   19844 installsdk.go:86] Running command: /usr/local/bin/npm install file:dataconnect-generated/js/example-connector
E0827 23:16:52.164045   19844 installsdk.go:88] Failed to install package: exit status 1

[info] i  Generated SDK code for example 
[info] i  Visit https://firebase.google.com/docs/data-connect/web-sdk#react for more information on how to set up React Generated SDKs for Firebase Data Connect 
[info] ✔  If you'd like to add more generated SDKs to your app your later, run firebase init dataconnect:sdk again 
[info] 
To get started with Firebase Data Connect:
[info] i  You can visualize the Data Connect Schema in Firebase Console:

    https://console.firebase.google.com/project/mystudents-hct-al-ain/dataconnect/locations/us-central1/services/app/schema
 
[info] i  To provision a CloudSQL Postgres instance on the Firebase Data Connect no-cost trial:

  1. Please upgrade to the pay-as-you-go (Blaze) billing plan. Visit the following page:

      https://console.firebase.google.com/project/mystudents-hct-al-ain/usage/details

  2. Run firebase deploy --only dataconnect to deploy your Data Connect service.
 
[info] 
=== Firestore Setup
[info] i  firestore: ensuring required API firestore.googleapis.com is enabled... 
[debug] [2025-08-27T19:16:52.646Z] Checked if tokens are valid: true, expires at: 1756325441597
[debug] [2025-08-27T19:16:52.646Z] Checked if tokens are valid: true, expires at: 1756325441597
[debug] [2025-08-27T19:16:52.646Z] >>> [apiv2][query] GET https://serviceusage.googleapis.com/v1/projects/mystudents-hct-al-ain/services/firestore.googleapis.com [none]
[debug] [2025-08-27T19:16:52.646Z] >>> [apiv2][(partial)header] GET https://serviceusage.googleapis.com/v1/projects/mystudents-hct-al-ain/services/firestore.googleapis.com x-goog-quota-user=projects/mystudents-hct-al-ain
[debug] [2025-08-27T19:16:53.382Z] <<< [apiv2][status] GET https://serviceusage.googleapis.com/v1/projects/mystudents-hct-al-ain/services/firestore.googleapis.com 200
[debug] [2025-08-27T19:16:53.382Z] <<< [apiv2][body] GET https://serviceusage.googleapis.com/v1/projects/mystudents-hct-al-ain/services/firestore.googleapis.com [omitted]
[warn] ⚠  firestore: missing required API firestore.googleapis.com. Enabling now... 
[debug] [2025-08-27T19:16:53.382Z] Checked if tokens are valid: true, expires at: 1756325441597
[debug] [2025-08-27T19:16:53.382Z] Checked if tokens are valid: true, expires at: 1756325441597
[debug] [2025-08-27T19:16:53.382Z] >>> [apiv2][query] POST https://serviceusage.googleapis.com/v1/projects/mystudents-hct-al-ain/services/firestore.googleapis.com:enable [none]
[debug] [2025-08-27T19:16:53.382Z] >>> [apiv2][(partial)header] POST https://serviceusage.googleapis.com/v1/projects/mystudents-hct-al-ain/services/firestore.googleapis.com:enable x-goog-quota-user=projects/mystudents-hct-al-ain
[debug] [2025-08-27T19:16:54.935Z] <<< [apiv2][status] POST https://serviceusage.googleapis.com/v1/projects/mystudents-hct-al-ain/services/firestore.googleapis.com:enable 200
[debug] [2025-08-27T19:16:54.935Z] <<< [apiv2][body] POST https://serviceusage.googleapis.com/v1/projects/mystudents-hct-al-ain/services/firestore.googleapis.com:enable [omitted]
[debug] [2025-08-27T19:17:04.947Z] Checked if tokens are valid: true, expires at: 1756325441597
[debug] [2025-08-27T19:17:04.947Z] Checked if tokens are valid: true, expires at: 1756325441597
[debug] [2025-08-27T19:17:04.947Z] >>> [apiv2][query] GET https://firestore.googleapis.com/v1/projects/mystudents-hct-al-ain/databases [none]
[debug] [2025-08-27T19:17:06.184Z] <<< [apiv2][status] GET https://firestore.googleapis.com/v1/projects/mystudents-hct-al-ain/databases 200
[debug] [2025-08-27T19:17:06.184Z] <<< [apiv2][body] GET https://firestore.googleapis.com/v1/projects/mystudents-hct-al-ain/databases {}
[debug] [2025-08-27T19:17:06.185Z] Checked if tokens are valid: true, expires at: 1756325441597
[debug] [2025-08-27T19:17:06.185Z] Checked if tokens are valid: true, expires at: 1756325441597
[debug] [2025-08-27T19:17:06.185Z] >>> [apiv2][query] GET https://firestore.googleapis.com/v1/projects/mystudents-hct-al-ain/locations [none]
[debug] [2025-08-27T19:17:06.499Z] <<< [apiv2][status] GET https://firestore.googleapis.com/v1/projects/mystudents-hct-al-ain/locations 200
[debug] [2025-08-27T19:17:06.500Z] <<< [apiv2][body] GET https://firestore.googleapis.com/v1/projects/mystudents-hct-al-ain/locations {"locations":[{"name":"projects/mystudents-hct-al-ain/locations/eur3","labels":{"appengine.googleapis.com/geo":"europe-west","cloud.googleapis.com/location":"eur3","cloud.googleapis.com/geo":"eur3"},"metadata":{"@type":"type.googleapis.com/google.firestore.admin.v1.LocationMetadata"},"locationId":"eur3","displayName":"Europe"},{"name":"projects/mystudents-hct-al-ain/locations/nam5","labels":{"appengine.googleapis.com/geo":"us-central","cloud.googleapis.com/location":"nam5","cloud.googleapis.com/geo":"nam5"},"metadata":{"@type":"type.googleapis.com/google.firestore.admin.v1.LocationMetadata"},"locationId":"nam5","displayName":"United States"},{"name":"projects/mystudents-hct-al-ain/locations/nam7","labels":{"cloud.googleapis.com/location":"nam7","cloud.googleapis.com/geo":"nam7"},"metadata":{"@type":"type.googleapis.com/google.firestore.admin.v1.LocationMetadata"},"locationId":"nam7","displayName":"United States"},{"name":"projects/mystudents-hct-al-ain/locations/africa-south1","labels":{"cloud.googleapis.com/location":"africa-south1","cloud.googleapis.com/region":"africa-south1"},"metadata":{"@type":"type.googleapis.com/google.firestore.admin.v1.LocationMetadata"},"locationId":"africa-south1","displayName":"Johannesburg"},{"name":"projects/mystudents-hct-al-ain/locations/asia-east1","labels":{"appengine.googleapis.com/region":"asia-east1","cloud.googleapis.com/location":"asia-east1","cloud.googleapis.com/region":"asia-east1"},"metadata":{"@type":"type.googleapis.com/google.firestore.admin.v1.LocationMetadata"},"locationId":"asia-east1","displayName":"Taiwan"},{"name":"projects/mystudents-hct-al-ain/locations/asia-east2","labels":{"appengine.googleapis.com/region":"asia-east2","cloud.googleapis.com/location":"asia-east2","cloud.googleapis.com/region":"asia-east2"},"metadata":{"@type":"type.googleapis.com/google.firestore.admin.v1.LocationMetadata"},"locationId":"asia-east2","displayName":"Hong Kong"},{"name":"projects/mystudents-hct-al-ain/locations/asia-northeast1","labels":{"appengine.googleapis.com/region":"asia-northeast1","cloud.googleapis.com/location":"asia-northeast1","cloud.googleapis.com/region":"asia-northeast1"},"metadata":{"@type":"type.googleapis.com/google.firestore.admin.v1.LocationMetadata"},"locationId":"asia-northeast1","displayName":"Tokyo"},{"name":"projects/mystudents-hct-al-ain/locations/asia-northeast2","labels":{"appengine.googleapis.com/region":"asia-northeast2","cloud.googleapis.com/location":"asia-northeast2","cloud.googleapis.com/region":"asia-northeast2"},"metadata":{"@type":"type.googleapis.com/google.firestore.admin.v1.LocationMetadata"},"locationId":"asia-northeast2","displayName":"Osaka"},{"name":"projects/mystudents-hct-al-ain/locations/asia-northeast3","labels":{"appengine.googleapis.com/region":"asia-northeast3","cloud.googleapis.com/location":"asia-northeast3","cloud.googleapis.com/region":"asia-northeast3"},"metadata":{"@type":"type.googleapis.com/google.firestore.admin.v1.LocationMetadata"},"locationId":"asia-northeast3","displayName":"Seoul"},{"name":"projects/mystudents-hct-al-ain/locations/asia-south1","labels":{"appengine.googleapis.com/region":"asia-south1","cloud.googleapis.com/location":"asia-south1","cloud.googleapis.com/region":"asia-south1"},"metadata":{"@type":"type.googleapis.com/google.firestore.admin.v1.LocationMetadata"},"locationId":"asia-south1","displayName":"Mumbai"},{"name":"projects/mystudents-hct-al-ain/locations/asia-south2","labels":{"cloud.googleapis.com/location":"asia-south2","cloud.googleapis.com/region":"asia-south2"},"metadata":{"@type":"type.googleapis.com/google.firestore.admin.v1.LocationMetadata"},"locationId":"asia-south2","displayName":"Delhi"},{"name":"projects/mystudents-hct-al-ain/locations/asia-southeast1","labels":{"appengine.googleapis.com/region":"asia-southeast1","cloud.googleapis.com/location":"asia-southeast1","cloud.googleapis.com/region":"asia-southeast1"},"metadata":{"@type":"type.googleapis.com/google.firestore.admin.v1.LocationMetadata"},"locationId":"asia-southeast1","displayName":"Singapore"},{"name":"projects/mystudents-hct-al-ain/locations/asia-southeast2","labels":{"appengine.googleapis.com/region":"asia-southeast2","cloud.googleapis.com/location":"asia-southeast2","cloud.googleapis.com/region":"asia-southeast2"},"metadata":{"@type":"type.googleapis.com/google.firestore.admin.v1.LocationMetadata"},"locationId":"asia-southeast2","displayName":"Jakarta"},{"name":"projects/mystudents-hct-al-ain/locations/australia-southeast1","labels":{"appengine.googleapis.com/region":"australia-southeast1","cloud.googleapis.com/location":"australia-southeast1","cloud.googleapis.com/region":"australia-southeast1"},"metadata":{"@type":"type.googleapis.com/google.firestore.admin.v1.LocationMetadata"},"locationId":"australia-southeast1","displayName":"Sydney"},{"name":"projects/mystudents-hct-al-ain/locations/australia-southeast2","labels":{"cloud.googleapis.com/location":"australia-southeast2","cloud.googleapis.com/region":"australia-southeast2"},"metadata":{"@type":"type.googleapis.com/google.firestore.admin.v1.LocationMetadata"},"locationId":"australia-southeast2","displayName":"Melbourne"},{"name":"projects/mystudents-hct-al-ain/locations/europe-central2","labels":{"appengine.googleapis.com/region":"europe-central2","cloud.googleapis.com/location":"europe-central2","cloud.googleapis.com/region":"europe-central2"},"metadata":{"@type":"type.googleapis.com/google.firestore.admin.v1.LocationMetadata"},"locationId":"europe-central2","displayName":"Warsaw"},{"name":"projects/mystudents-hct-al-ain/locations/europe-north1","labels":{"cloud.googleapis.com/location":"europe-north1","cloud.googleapis.com/region":"europe-north1"},"metadata":{"@type":"type.googleapis.com/google.firestore.admin.v1.LocationMetadata"},"locationId":"europe-north1","displayName":"Finland"},{"name":"projects/mystudents-hct-al-ain/locations/europe-north2","labels":{"cloud.googleapis.com/location":"europe-north2","cloud.googleapis.com/region":"europe-north2"},"metadata":{"@type":"type.googleapis.com/google.firestore.admin.v1.LocationMetadata"},"locationId":"europe-north2","displayName":"Stockholm"},{"name":"projects/mystudents-hct-al-ain/locations/europe-southwest1","labels":{"cloud.googleapis.com/location":"europe-southwest1","cloud.googleapis.com/region":"europe-southwest1"},"metadata":{"@type":"type.googleapis.com/google.firestore.admin.v1.LocationMetadata"},"locationId":"europe-southwest1","displayName":"Madrid"},{"name":"projects/mystudents-hct-al-ain/locations/europe-west1","labels":{"cloud.googleapis.com/location":"europe-west1","cloud.googleapis.com/region":"europe-west1"},"metadata":{"@type":"type.googleapis.com/google.firestore.admin.v1.LocationMetadata"},"locationId":"europe-west1","displayName":"Belgium"},{"name":"projects/mystudents-hct-al-ain/locations/europe-west10","labels":{"cloud.googleapis.com/location":"europe-west10","cloud.googleapis.com/region":"europe-west10"},"metadata":{"@type":"type.googleapis.com/google.firestore.admin.v1.LocationMetadata"},"locationId":"europe-west10","displayName":"Berlin"},{"name":"projects/mystudents-hct-al-ain/locations/europe-west12","labels":{"cloud.googleapis.com/location":"europe-west12","cloud.googleapis.com/region":"europe-west12"},"metadata":{"@type":"type.googleapis.com/google.firestore.admin.v1.LocationMetadata"},"locationId":"europe-west12","displayName":"Turin"},{"name":"projects/mystudents-hct-al-ain/locations/europe-west2","labels":{"appengine.googleapis.com/region":"europe-west2","cloud.googleapis.com/location":"europe-west2","cloud.googleapis.com/region":"europe-west2"},"metadata":{"@type":"type.googleapis.com/google.firestore.admin.v1.LocationMetadata"},"locationId":"europe-west2","displayName":"London"},{"name":"projects/mystudents-hct-al-ain/locations/europe-west3","labels":{"appengine.googleapis.com/region":"europe-west3","cloud.googleapis.com/location":"europe-west3","cloud.googleapis.com/region":"europe-west3"},"metadata":{"@type":"type.googleapis.com/google.firestore.admin.v1.LocationMetadata"},"locationId":"europe-west3","displayName":"Frankfurt"},{"name":"projects/mystudents-hct-al-ain/locations/europe-west4","labels":{"cloud.googleapis.com/location":"europe-west4","cloud.googleapis.com/region":"europe-west4"},"metadata":{"@type":"type.googleapis.com/google.firestore.admin.v1.LocationMetadata"},"locationId":"europe-west4","displayName":"Netherlands"},{"name":"projects/mystudents-hct-al-ain/locations/europe-west6","labels":{"appengine.googleapis.com/region":"europe-west6","cloud.googleapis.com/location":"europe-west6","cloud.googleapis.com/region":"europe-west6"},"metadata":{"@type":"type.googleapis.com/google.firestore.admin.v1.LocationMetadata"},"locationId":"europe-west6","displayName":"Zurich"},{"name":"projects/mystudents-hct-al-ain/locations/europe-west8","labels":{"cloud.googleapis.com/location":"europe-west8","cloud.googleapis.com/region":"europe-west8"},"metadata":{"@type":"type.googleapis.com/google.firestore.admin.v1.LocationMetadata"},"locationId":"europe-west8","displayName":"Milan"},{"name":"projects/mystudents-hct-al-ain/locations/europe-west9","labels":{"cloud.googleapis.com/location":"europe-west9","cloud.googleapis.com/region":"europe-west9"},"metadata":{"@type":"type.googleapis.com/google.firestore.admin.v1.LocationMetadata"},"locationId":"europe-west9","displayName":"Paris"},{"name":"projects/mystudents-hct-al-ain/locations/me-central1","labels":{"cloud.googleapis.com/location":"me-central1","cloud.googleapis.com/region":"me-central1"},"metadata":{"@type":"type.googleapis.com/google.firestore.admin.v1.LocationMetadata"},"locationId":"me-central1","displayName":"Doha"},{"name":"projects/mystudents-hct-al-ain/locations/me-central2","labels":{"cloud.googleapis.com/location":"me-central2","cloud.googleapis.com/region":"me-central2"},"metadata":{"@type":"type.googleapis.com/google.firestore.admin.v1.LocationMetadata"},"locationId":"me-central2","displayName":"Dammam"},{"name":"projects/mystudents-hct-al-ain/locations/me-west1","labels":{"cloud.googleapis.com/location":"me-west1","cloud.googleapis.com/region":"me-west1"},"metadata":{"@type":"type.googleapis.com/google.firestore.admin.v1.LocationMetadata"},"locationId":"me-west1","displayName":"Tel Aviv"},{"name":"projects/mystudents-hct-al-ain/locations/northamerica-northeast1","labels":{"appengine.googleapis.com/region":"northamerica-northeast1","cloud.googleapis.com/location":"northamerica-northeast1","cloud.googleapis.com/region":"northamerica-northeast1"},"metadata":{"@type":"type.googleapis.com/google.firestore.admin.v1.LocationMetadata"},"locationId":"northamerica-northeast1","displayName":"Montréal"},{"name":"projects/mystudents-hct-al-ain/locations/northamerica-northeast2","labels":{"cloud.googleapis.com/location":"northamerica-northeast2","cloud.googleapis.com/region":"northamerica-northeast2"},"metadata":{"@type":"type.googleapis.com/google.firestore.admin.v1.LocationMetadata"},"locationId":"northamerica-northeast2","displayName":"Toronto"},{"name":"projects/mystudents-hct-al-ain/locations/northamerica-south1","labels":{"cloud.googleapis.com/location":"northamerica-south1","cloud.googleapis.com/region":"northamerica-south1"},"metadata":{"@type":"type.googleapis.com/google.firestore.admin.v1.LocationMetadata"},"locationId":"northamerica-south1","displayName":"Mexico"},{"name":"projects/mystudents-hct-al-ain/locations/southamerica-east1","labels":{"appengine.googleapis.com/region":"southamerica-east1","cloud.googleapis.com/location":"southamerica-east1","cloud.googleapis.com/region":"southamerica-east1"},"metadata":{"@type":"type.googleapis.com/google.firestore.admin.v1.LocationMetadata"},"locationId":"southamerica-east1","displayName":"São Paulo"},{"name":"projects/mystudents-hct-al-ain/locations/southamerica-west1","labels":{"cloud.googleapis.com/location":"southamerica-west1","cloud.googleapis.com/region":"southamerica-west1"},"metadata":{"@type":"type.googleapis.com/google.firestore.admin.v1.LocationMetadata"},"locationId":"southamerica-west1","displayName":"Santiago"},{"name":"projects/mystudents-hct-al-ain/locations/us-central1","labels":{"cloud.googleapis.com/location":"us-central1","cloud.googleapis.com/region":"us-central1"},"metadata":{"@type":"type.googleapis.com/google.firestore.admin.v1.LocationMetadata"},"locationId":"us-central1","displayName":"Iowa"},{"name":"projects/mystudents-hct-al-ain/locations/us-east1","labels":{"appengine.googleapis.com/region":"us-east1","cloud.googleapis.com/location":"us-east1","cloud.googleapis.com/region":"us-east1"},"metadata":{"@type":"type.googleapis.com/google.firestore.admin.v1.LocationMetadata"},"locationId":"us-east1","displayName":"South Carolina"},{"name":"projects/mystudents-hct-al-ain/locations/us-east4","labels":{"appengine.googleapis.com/region":"us-east4","cloud.googleapis.com/location":"us-east4","cloud.googleapis.com/region":"us-east4"},"metadata":{"@type":"type.googleapis.com/google.firestore.admin.v1.LocationMetadata"},"locationId":"us-east4","displayName":"Northern Virginia"},{"name":"projects/mystudents-hct-al-ain/locations/us-east5","labels":{"cloud.googleapis.com/location":"us-east5","cloud.googleapis.com/region":"us-east5"},"metadata":{"@type":"type.googleapis.com/google.firestore.admin.v1.LocationMetadata"},"locationId":"us-east5","displayName":"Columbus"},{"name":"projects/mystudents-hct-al-ain/locations/us-south1","labels":{"cloud.googleapis.com/location":"us-south1","cloud.googleapis.com/region":"us-south1"},"metadata":{"@type":"type.googleapis.com/google.firestore.admin.v1.LocationMetadata"},"locationId":"us-south1","displayName":"Dallas"},{"name":"projects/mystudents-hct-al-ain/locations/us-west1","labels":{"appengine.googleapis.com/region":"us-west1","cloud.googleapis.com/location":"us-west1","cloud.googleapis.com/region":"us-west1"},"metadata":{"@type":"type.googleapis.com/google.firestore.admin.v1.LocationMetadata"},"locationId":"us-west1","displayName":"Oregon"},{"name":"projects/mystudents-hct-al-ain/locations/us-west2","labels":{"appengine.googleapis.com/region":"us-west2","cloud.googleapis.com/location":"us-west2","cloud.googleapis.com/region":"us-west2"},"metadata":{"@type":"type.googleapis.com/google.firestore.admin.v1.LocationMetadata"},"locationId":"us-west2","displayName":"Los Angeles"},{"name":"projects/mystudents-hct-al-ain/locations/us-west3","labels":{"appengine.googleapis.com/region":"us-west3","cloud.googleapis.com/location":"us-west3","cloud.googleapis.com/region":"us-west3"},"metadata":{"@type":"type.googleapis.com/google.firestore.admin.v1.LocationMetadata"},"locationId":"us-west3","displayName":"Salt Lake City"},{"name":"projects/mystudents-hct-al-ain/locations/us-west4","labels":{"appengine.googleapis.com/region":"us-west4","cloud.googleapis.com/location":"us-west4","cloud.googleapis.com/region":"us-west4"},"metadata":{"@type":"type.googleapis.com/google.firestore.admin.v1.LocationMetadata"},"locationId":"us-west4","displayName":"Las Vegas"}]}
[info] 
[info] Firestore Security Rules allow you to define how and when to allow
[info] requests. You can keep these rules in your project directory
[info] and publish them with firebase deploy.
[info] 
[debug] [2025-08-27T19:45:22.481Z] Error: write EIO
    at WriteWrap.onWriteComplete [as oncomplete] (node:internal/stream_base_commons:87:19)
    at WriteWrap.callbackTrampoline (node:internal/async_hooks:130:17)
[error] 
[error] Error: An unexpected error has occurred.
[debug] [2025-08-27T19:45:22.490Z] Error: write EIO
    at afterWriteDispatched (node:internal/stream_base_commons:159:15)
    at writeGeneric (node:internal/stream_base_commons:150:3)
    at Socket._writeGeneric (node:net:971:11)
    at Socket._write (node:net:983:8)
    at writeOrBuffer (node:internal/streams/writable:572:12)
    at _write (node:internal/streams/writable:501:10)
    at Writable.write (node:internal/streams/writable:510:10)
    at Console.log (/Users/eliastlcthomas/.npm/_npx/7750544ccf494d8b/node_modules/winston/lib/winston/transports/console.js:87:23)
    at Console._write (/Users/eliastlcthomas/.npm/_npx/7750544ccf494d8b/node_modules/winston-transport/modern.js:103:17)
    at doWrite (/Users/eliastlcthomas/.npm/_npx/7750544ccf494d8b/node_modules/winston-transport/node_modules/readable-stream/lib/_stream_writable.js:390:139)
[error] 
[error] Error: An unexpected error has occurred.
[debug] [2025-08-27T19:45:22.491Z] Error: write EIO
    at afterWriteDispatched (node:internal/stream_base_commons:159:15)
    at writeGeneric (node:internal/stream_base_commons:150:3)
    at Socket._writeGeneric (node:net:971:11)
    at Socket._write (node:net:983:8)
    at writeOrBuffer (node:internal/streams/writable:572:12)
    at _write (node:internal/streams/writable:501:10)
    at Writable.write (node:internal/streams/writable:510:10)
    at Console.log (/Users/eliastlcthomas/.npm/_npx/7750544ccf494d8b/node_modules/winston/lib/winston/transports/console.js:87:23)
    at Console._write (/Users/eliastlcthomas/.npm/_npx/7750544ccf494d8b/node_modules/winston-transport/modern.js:103:17)
    at doWrite (/Users/eliastlcthomas/.npm/_npx/7750544ccf494d8b/node_modules/winston-transport/node_modules/readable-stream/lib/_stream_writable.js:390:139)
[error] 
[error] Error: An unexpected error has occurred.
[debug] [2025-08-27T19:45:22.491Z] Error: write EIO
    at afterWriteDispatched (node:internal/stream_base_commons:159:15)
    at writeGeneric (node:internal/stream_base_commons:150:3)
    at Socket._writeGeneric (node:net:971:11)
    at Socket._write (node:net:983:8)
    at writeOrBuffer (node:internal/streams/writable:572:12)
    at _write (node:internal/streams/writable:501:10)
    at Writable.write (node:internal/streams/writable:510:10)
    at Console.log (/Users/eliastlcthomas/.npm/_npx/7750544ccf494d8b/node_modules/winston/lib/winston/transports/console.js:87:23)
    at Console._write (/Users/eliastlcthomas/.npm/_npx/7750544ccf494d8b/node_modules/winston-transport/modern.js:103:17)
    at doWrite (/Users/eliastlcthomas/.npm/_npx/7750544ccf494d8b/node_modules/winston-transport/node_modules/readable-stream/lib/_stream_writable.js:390:139)
[error] 
[error] Error: An unexpected error has occurred.
[debug] [2025-08-27T19:45:22.491Z] Error: write EIO
    at afterWriteDispatched (node:internal/stream_base_commons:159:15)
    at writeGeneric (node:internal/stream_base_commons:150:3)
    at Socket._writeGeneric (node:net:971:11)
    at Socket._write (node:net:983:8)
    at writeOrBuffer (node:internal/streams/writable:572:12)
    at _write (node:internal/streams/writable:501:10)
    at Writable.write (node:internal/streams/writable:510:10)
    at Console.log (/Users/eliastlcthomas/.npm/_npx/7750544ccf494d8b/node_modules/winston/lib/winston/transports/console.js:87:23)
    at Console._write (/Users/eliastlcthomas/.npm/_npx/7750544ccf494d8b/node_modules/winston-transport/modern.js:103:17)
    at doWrite (/Users/eliastlcthomas/.npm/_npx/7750544ccf494d8b/node_modules/winston-transport/node_modules/readable-stream/lib/_stream_writable.js:390:139)
[error] 
[error] Error: An unexpected error has occurred.
[debug] [2025-08-27T19:45:22.491Z] Error: write EIO
    at afterWriteDispatched (node:internal/stream_base_commons:159:15)
    at writeGeneric (node:internal/stream_base_commons:150:3)
    at Socket._writeGeneric (node:net:971:11)
    at Socket._write (node:net:983:8)
    at writeOrBuffer (node:internal/streams/writable:572:12)
    at _write (node:internal/streams/writable:501:10)
    at Writable.write (node:internal/streams/writable:510:10)
    at Console.log (/Users/eliastlcthomas/.npm/_npx/7750544ccf494d8b/node_modules/winston/lib/winston/transports/console.js:87:23)
    at Console._write (/Users/eliastlcthomas/.npm/_npx/7750544ccf494d8b/node_modules/winston-transport/modern.js:103:17)
    at doWrite (/Users/eliastlcthomas/.npm/_npx/7750544ccf494d8b/node_modules/winston-transport/node_modules/readable-stream/lib/_stream_writable.js:390:139)
[error] 
[error] Error: An unexpected error has occurred.
[debug] [2025-08-27T19:45:22.492Z] Error: write EIO
    at afterWriteDispatched (node:internal/stream_base_commons:159:15)
    at writeGeneric (node:internal/stream_base_commons:150:3)
    at Socket._writeGeneric (node:net:971:11)
    at Socket._write (node:net:983:8)
    at writeOrBuffer (node:internal/streams/writable:572:12)
    at _write (node:internal/streams/writable:501:10)
    at Writable.write (node:internal/streams/writable:510:10)
    at Console.log (/Users/eliastlcthomas/.npm/_npx/7750544ccf494d8b/node_modules/winston/lib/winston/transports/console.js:87:23)
    at Console._write (/Users/eliastlcthomas/.npm/_npx/7750544ccf494d8b/node_modules/winston-transport/modern.js:103:17)
    at doWrite (/Users/eliastlcthomas/.npm/_npx/7750544ccf494d8b/node_modules/winston-transport/node_modules/readable-stream/lib/_stream_writable.js:390:139)
[error] 
[error] Error: An unexpected error has occurred.
[debug] [2025-08-27T19:45:22.493Z] Error: write EIO
    at afterWriteDispatched (node:internal/stream_base_commons:159:15)
    at writeGeneric (node:internal/stream_base_commons:150:3)
    at Socket._writeGeneric (node:net:971:11)
    at Socket._write (node:net:983:8)
    at writeOrBuffer (node:internal/streams/writable:572:12)
    at _write (node:internal/streams/writable:501:10)
    at Writable.write (node:internal/streams/writable:510:10)
    at Console.log (/Users/eliastlcthomas/.npm/_npx/7750544ccf494d8b/node_modules/winston/lib/winston/transports/console.js:87:23)
    at Console._write (/Users/eliastlcthomas/.npm/_npx/7750544ccf494d8b/node_modules/winston-transport/modern.js:103:17)
    at doWrite (/Users/eliastlcthomas/.npm/_npx/7750544ccf494d8b/node_modules/winston-transport/node_modules/readable-stream/lib/_stream_writable.js:390:139)
[error] 
[error] Error: An unexpected error has occurred.
[debug] [2025-08-27T19:45:22.494Z] Error: read EIO
    at TTY.onStreamRead (node:internal/stream_base_commons:216:20)
    at TTY.callbackTrampoline (node:internal/async_hooks:130:17)
[error] 
[error] Error: An unexpected error has occurred.
[debug] [2025-08-27T19:45:22.494Z] Error: write EIO
    at afterWriteDispatched (node:internal/stream_base_commons:159:15)
    at writeGeneric (node:internal/stream_base_commons:150:3)
    at Socket._writeGeneric (node:net:971:11)
    at Socket._write (node:net:983:8)
    at writeOrBuffer (node:internal/streams/writable:572:12)
    at _write (node:internal/streams/writable:501:10)
    at Writable.write (node:internal/streams/writable:510:10)
    at Console.log (/Users/eliastlcthomas/.npm/_npx/7750544ccf494d8b/node_modules/winston/lib/winston/transports/console.js:87:23)
    at Console._write (/Users/eliastlcthomas/.npm/_npx/7750544ccf494d8b/node_modules/winston-transport/modern.js:103:17)
    at doWrite (/Users/eliastlcthomas/.npm/_npx/7750544ccf494d8b/node_modules/winston-transport/node_modules/readable-stream/lib/_stream_writable.js:390:139)
[error] 
[error] Error: An unexpected error has occurred.
[debug] [2025-08-27T19:45:22.495Z] Error: write EIO
    at afterWriteDispatched (node:internal/stream_base_commons:159:15)
    at writeGeneric (node:internal/stream_base_commons:150:3)
    at Socket._writeGeneric (node:net:971:11)
    at Socket._write (node:net:983:8)
    at writeOrBuffer (node:internal/streams/writable:572:12)
    at _write (node:internal/streams/writable:501:10)
    at Writable.write (node:internal/streams/writable:510:10)
    at Console.log (/Users/eliastlcthomas/.npm/_npx/7750544ccf494d8b/node_modules/winston/lib/winston/transports/console.js:87:23)
    at Console._write (/Users/eliastlcthomas/.npm/_npx/7750544ccf494d8b/node_modules/winston-transport/modern.js:103:17)
    at doWrite (/Users/eliastlcthomas/.npm/_npx/7750544ccf494d8b/node_modules/winston-transport/node_modules/readable-stream/lib/_stream_writable.js:390:139)
[error] 
[error] Error: An unexpected error has occurred.
[debug] [2025-08-27T19:45:22.498Z] Error: write EIO
    at afterWriteDispatched (node:internal/stream_base_commons:159:15)
    at writeGeneric (node:internal/stream_base_commons:150:3)
    at Socket._writeGeneric (node:net:971:11)
    at Socket._write (node:net:983:8)
    at writeOrBuffer (node:internal/streams/writable:572:12)
    at _write (node:internal/streams/writable:501:10)
    at Writable.write (node:internal/streams/writable:510:10)
    at Console.log (/Users/eliastlcthomas/.npm/_npx/7750544ccf494d8b/node_modules/winston/lib/winston/transports/console.js:87:23)
    at Console._write (/Users/eliastlcthomas/.npm/_npx/7750544ccf494d8b/node_modules/winston-transport/modern.js:103:17)
    at doWrite (/Users/eliastlcthomas/.npm/_npx/7750544ccf494d8b/node_modules/winston-transport/node_modules/readable-stream/lib/_stream_writable.js:390:139)
[error] 
[error] Error: An unexpected error has occurred.
[debug] [2025-08-27T19:45:22.498Z] Error: write EIO
    at afterWriteDispatched (node:internal/stream_base_commons:159:15)
    at writeGeneric (node:internal/stream_base_commons:150:3)
    at Socket._writeGeneric (node:net:971:11)
    at Socket._write (node:net:983:8)
    at writeOrBuffer (node:internal/streams/writable:572:12)
    at _write (node:internal/streams/writable:501:10)
    at Writable.write (node:internal/streams/writable:510:10)
    at Console.log (/Users/eliastlcthomas/.npm/_npx/7750544ccf494d8b/node_modules/winston/lib/winston/transports/console.js:87:23)
    at Console._write (/Users/eliastlcthomas/.npm/_npx/7750544ccf494d8b/node_modules/winston-transport/modern.js:103:17)
    at doWrite (/Users/eliastlcthomas/.npm/_npx/7750544ccf494d8b/node_modules/winston-transport/node_modules/readable-stream/lib/_stream_writable.js:390:139)
[error] 
[error] Error: An unexpected error has occurred.
[debug] [2025-08-27T19:45:22.498Z] Error: write EIO
    at afterWriteDispatched (node:internal/stream_base_commons:159:15)
    at writeGeneric (node:internal/stream_base_commons:150:3)
    at Socket._writeGeneric (node:net:971:11)
    at Socket._write (node:net:983:8)
    at writeOrBuffer (node:internal/streams/writable:572:12)
    at _write (node:internal/streams/writable:501:10)
    at Writable.write (node:internal/streams/writable:510:10)
    at Console.log (/Users/eliastlcthomas/.npm/_npx/7750544ccf494d8b/node_modules/winston/lib/winston/transports/console.js:87:23)
    at Console._write (/Users/eliastlcthomas/.npm/_npx/7750544ccf494d8b/node_modules/winston-transport/modern.js:103:17)
    at doWrite (/Users/eliastlcthomas/.npm/_npx/7750544ccf494d8b/node_modules/winston-transport/node_modules/readable-stream/lib/_stream_writable.js:390:139)
[error] 
[error] Error: An unexpected error has occurred.
[debug] [2025-08-27T19:45:22.499Z] Error: write EIO
    at afterWriteDispatched (node:internal/stream_base_commons:159:15)
    at writeGeneric (node:internal/stream_base_commons:150:3)
    at Socket._writeGeneric (node:net:971:11)
    at Socket._write (node:net:983:8)
    at writeOrBuffer (node:internal/streams/writable:572:12)
    at _write (node:internal/streams/writable:501:10)
    at Writable.write (node:internal/streams/writable:510:10)
    at Console.log (/Users/eliastlcthomas/.npm/_npx/7750544ccf494d8b/node_modules/winston/lib/winston/transports/console.js:87:23)
    at Console._write (/Users/eliastlcthomas/.npm/_npx/7750544ccf494d8b/node_modules/winston-transport/modern.js:103:17)
    at doWrite (/Users/eliastlcthomas/.npm/_npx/7750544ccf494d8b/node_modules/winston-transport/node_modules/readable-stream/lib/_stream_writable.js:390:139)
[error] 
[error] Error: An unexpected error has occurred.
[debug] [2025-08-27T19:45:22.499Z] Error: write EIO
    at afterWriteDispatched (node:internal/stream_base_commons:159:15)
    at writeGeneric (node:internal/stream_base_commons:150:3)
    at Socket._writeGeneric (node:net:971:11)
    at Socket._write (node:net:983:8)
    at writeOrBuffer (node:internal/streams/writable:572:12)
    at _write (node:internal/streams/writable:501:10)
    at Writable.write (node:internal/streams/writable:510:10)
    at Console.log (/Users/eliastlcthomas/.npm/_npx/7750544ccf494d8b/node_modules/winston/lib/winston/transports/console.js:87:23)
    at Console._write (/Users/eliastlcthomas/.npm/_npx/7750544ccf494d8b/node_modules/winston-transport/modern.js:103:17)
    at doWrite (/Users/eliastlcthomas/.npm/_npx/7750544ccf494d8b/node_modules/winston-transport/node_modules/readable-stream/lib/_stream_writable.js:390:139)
[error] 
[error] Error: An unexpected error has occurred.
[debug] [2025-08-27T19:45:22.500Z] Error: write EIO
    at afterWriteDispatched (node:internal/stream_base_commons:159:15)
    at writeGeneric (node:internal/stream_base_commons:150:3)
    at Socket._writeGeneric (node:net:971:11)
    at Socket._write (node:net:983:8)
    at writeOrBuffer (node:internal/streams/writable:572:12)
    at _write (node:internal/streams/writable:501:10)
    at Writable.write (node:internal/streams/writable:510:10)
    at Console.log (/Users/eliastlcthomas/.npm/_npx/7750544ccf494d8b/node_modules/winston/lib/winston/transports/console.js:87:23)
    at Console._write (/Users/eliastlcthomas/.npm/_npx/7750544ccf494d8b/node_modules/winston-transport/modern.js:103:17)
    at doWrite (/Users/eliastlcthomas/.npm/_npx/7750544ccf494d8b/node_modules/winston-transport/node_modules/readable-stream/lib/_stream_writable.js:390:139)
[error] 
[error] Error: An unexpected error has occurred.
[debug] [2025-08-27T19:45:22.500Z] Error: write EIO
    at afterWriteDispatched (node:internal/stream_base_commons:159:15)
    at writeGeneric (node:internal/stream_base_commons:150:3)
    at Socket._writeGeneric (node:net:971:11)
    at Socket._write (node:net:983:8)
    at writeOrBuffer (node:internal/streams/writable:572:12)
    at _write (node:internal/streams/writable:501:10)
    at Writable.write (node:internal/streams/writable:510:10)
    at Console.log (/Users/eliastlcthomas/.npm/_npx/7750544ccf494d8b/node_modules/winston/lib/winston/transports/console.js:87:23)
    at Console._write (/Users/eliastlcthomas/.npm/_npx/7750544ccf494d8b/node_modules/winston-transport/modern.js:103:17)
    at doWrite (/Users/eliastlcthomas/.npm/_npx/7750544ccf494d8b/node_modules/winston-transport/node_modules/readable-stream/lib/_stream_writable.js:390:139)
[error] 
[error] Error: An unexpected error has occurred.
[debug] [2025-08-27T19:45:22.500Z] Error: write EIO
    at afterWriteDispatched (node:internal/stream_base_commons:159:15)
    at writeGeneric (node:internal/stream_base_commons:150:3)
    at Socket._writeGeneric (node:net:971:11)
    at Socket._write (node:net:983:8)
    at writeOrBuffer (node:internal/streams/writable:572:12)
    at _write (node:internal/streams/writable:501:10)
    at Writable.write (node:internal/streams/writable:510:10)
    at Console.log (/Users/eliastlcthomas/.npm/_npx/7750544ccf494d8b/node_modules/winston/lib/winston/transports/console.js:87:23)
    at Console._write (/Users/eliastlcthomas/.npm/_npx/7750544ccf494d8b/node_modules/winston-transport/modern.js:103:17)
    at doWrite (/Users/eliastlcthomas/.npm/_npx/7750544ccf494d8b/node_modules/winston-transport/node_modules/readable-stream/lib/_stream_writable.js:390:139)
[error] 
[error] Error: An unexpected error has occurred.
[debug] [2025-08-27T19:45:22.500Z] Error: write EIO
    at afterWriteDispatched (node:internal/stream_base_commons:159:15)
    at writeGeneric (node:internal/stream_base_commons:150:3)
    at Socket._writeGeneric (node:net:971:11)
    at Socket._write (node:net:983:8)
    at writeOrBuffer (node:internal/streams/writable:572:12)
    at _write (node:internal/streams/writable:501:10)
    at Writable.write (node:internal/streams/writable:510:10)
    at Console.log (/Users/eliastlcthomas/.npm/_npx/7750544ccf494d8b/node_modules/winston/lib/winston/transports/console.js:87:23)
    at Console._write (/Users/eliastlcthomas/.npm/_npx/7750544ccf494d8b/node_modules/winston-transport/modern.js:103:17)
    at doWrite (/Users/eliastlcthomas/.npm/_npx/7750544ccf494d8b/node_modules/winston-transport/node_modules/readable-stream/lib/_stream_writable.js:390:139)
[error] 
[error] Error: An unexpected error has occurred.
[debug] [2025-08-27T19:45:22.501Z] Error: write EIO
    at afterWriteDispatched (node:internal/stream_base_commons:159:15)
    at writeGeneric (node:internal/stream_base_commons:150:3)
    at Socket._writeGeneric (node:net:971:11)
    at Socket._write (node:net:983:8)
    at writeOrBuffer (node:internal/streams/writable:572:12)
    at _write (node:internal/streams/writable:501:10)
    at Writable.write (node:internal/streams/writable:510:10)
    at Console.log (/Users/eliastlcthomas/.npm/_npx/7750544ccf494d8b/node_modules/winston/lib/winston/transports/console.js:87:23)
    at Console._write (/Users/eliastlcthomas/.npm/_npx/7750544ccf494d8b/node_modules/winston-transport/modern.js:103:17)
    at doWrite (/Users/eliastlcthomas/.npm/_npx/7750544ccf494d8b/node_modules/winston-transport/node_modules/readable-stream/lib/_stream_writable.js:390:139)
[error] 
[error] Error: An unexpected error has occurred.
[debug] [2025-08-27T19:45:22.501Z] Error: write EIO
    at afterWriteDispatched (node:internal/stream_base_commons:159:15)
    at writeGeneric (node:internal/stream_base_commons:150:3)
    at Socket._writeGeneric (node:net:971:11)
    at Socket._write (node:net:983:8)
    at writeOrBuffer (node:internal/streams/writable:572:12)
    at _write (node:internal/streams/writable:501:10)
    at Writable.write (node:internal/streams/writable:510:10)
    at Console.log (/Users/eliastlcthomas/.npm/_npx/7750544ccf494d8b/node_modules/winston/lib/winston/transports/console.js:87:23)
    at Console._write (/Users/eliastlcthomas/.npm/_npx/7750544ccf494d8b/node_modules/winston-transport/modern.js:103:17)
    at doWrite (/Users/eliastlcthomas/.npm/_npx/7750544ccf494d8b/node_modules/winston-transport/node_modules/readable-stream/lib/_stream_writable.js:390:139)
[error] 
[error] Error: An unexpected error has occurred.
[debug] [2025-08-27T19:45:22.501Z] Error: write EIO
    at afterWriteDispatched (node:internal/stream_base_commons:159:15)
    at writeGeneric (node:internal/stream_base_commons:150:3)
    at Socket._writeGeneric (node:net:971:11)
    at Socket._write (node:net:983:8)
    at writeOrBuffer (node:internal/streams/writable:572:12)
    at _write (node:internal/streams/writable:501:10)
    at Writable.write (node:internal/streams/writable:510:10)
    at Console.log (/Users/eliastlcthomas/.npm/_npx/7750544ccf494d8b/node_modules/winston/lib/winston/transports/console.js:87:23)
    at Console._write (/Users/eliastlcthomas/.npm/_npx/7750544ccf494d8b/node_modules/winston-transport/modern.js:103:17)
    at doWrite (/Users/eliastlcthomas/.npm/_npx/7750544ccf494d8b/node_modules/winston-transport/node_modules/readable-stream/lib/_stream_writable.js:390:139)
[error] 
[error] Error: An unexpected error has occurred.
[debug] [2025-08-27T19:45:22.502Z] Error: write EIO
    at afterWriteDispatched (node:internal/stream_base_commons:159:15)
    at writeGeneric (node:internal/stream_base_commons:150:3)
    at Socket._writeGeneric (node:net:971:11)
    at Socket._write (node:net:983:8)
    at writeOrBuffer (node:internal/streams/writable:572:12)
    at _write (node:internal/streams/writable:501:10)
    at Writable.write (node:internal/streams/writable:510:10)
    at Console.log (/Users/eliastlcthomas/.npm/_npx/7750544ccf494d8b/node_modules/winston/lib/winston/transports/console.js:87:23)
    at Console._write (/Users/eliastlcthomas/.npm/_npx/7750544ccf494d8b/node_modules/winston-transport/modern.js:103:17)
    at doWrite (/Users/eliastlcthomas/.npm/_npx/7750544ccf494d8b/node_modules/winston-transport/node_modules/readable-stream/lib/_stream_writable.js:390:139)
[error] 
[error] Error: An unexpected error has occurred.
[debug] [2025-08-27T19:45:22.503Z] Error: write EIO
    at afterWriteDispatched (node:internal/stream_base_commons:159:15)
    at writeGeneric (node:internal/stream_base_commons:150:3)
    at Socket._writeGeneric (node:net:971:11)
    at Socket._write (node:net:983:8)
    at writeOrBuffer (node:internal/streams/writable:572:12)
    at _write (node:internal/streams/writable:501:10)
    at Writable.write (node:internal/streams/writable:510:10)
    at Console.log (/Users/eliastlcthomas/.npm/_npx/7750544ccf494d8b/node_modules/winston/lib/winston/transports/console.js:87:23)
    at Console._write (/Users/eliastlcthomas/.npm/_npx/7750544ccf494d8b/node_modules/winston-transport/modern.js:103:17)
    at doWrite (/Users/eliastlcthomas/.npm/_npx/7750544ccf494d8b/node_modules/winston-transport/node_modules/readable-stream/lib/_stream_writable.js:390:139)
[error] 
[error] Error: An unexpected error has occurred.
[debug] [2025-08-27T19:45:22.504Z] Error: write EIO
    at afterWriteDispatched (node:internal/stream_base_commons:159:15)
    at writeGeneric (node:internal/stream_base_commons:150:3)
    at Socket._writeGeneric (node:net:971:11)
    at Socket._write (node:net:983:8)
    at writeOrBuffer (node:internal/streams/writable:572:12)
    at _write (node:internal/streams/writable:501:10)
    at Writable.write (node:internal/streams/writable:510:10)
    at Console.log (/Users/eliastlcthomas/.npm/_npx/7750544ccf494d8b/node_modules/winston/lib/winston/transports/console.js:87:23)
    at Console._write (/Users/eliastlcthomas/.npm/_npx/7750544ccf494d8b/node_modules/winston-transport/modern.js:103:17)
    at doWrite (/Users/eliastlcthomas/.npm/_npx/7750544ccf494d8b/node_modules/winston-transport/node_modules/readable-stream/lib/_stream_writable.js:390:139)
[error] 
[error] Error: An unexpected error has occurred.
[debug] [2025-08-27T19:45:22.505Z] Error: write EIO
    at afterWriteDispatched (node:internal/stream_base_commons:159:15)
    at writeGeneric (node:internal/stream_base_commons:150:3)
    at Socket._writeGeneric (node:net:971:11)
    at Socket._write (node:net:983:8)
    at writeOrBuffer (node:internal/streams/writable:572:12)
    at _write (node:internal/streams/writable:501:10)
    at Writable.write (node:internal/streams/writable:510:10)
    at Console.log (/Users/eliastlcthomas/.npm/_npx/7750544ccf494d8b/node_modules/winston/lib/winston/transports/console.js:87:23)
    at Console._write (/Users/eliastlcthomas/.npm/_npx/7750544ccf494d8b/node_modules/winston-transport/modern.js:103:17)
    at doWrite (/Users/eliastlcthomas/.npm/_npx/7750544ccf494d8b/node_modules/winston-transport/node_modules/readable-stream/lib/_stream_writable.js:390:139)
[error] 
[error] Error: An unexpected error has occurred.
[debug] [2025-08-27T19:45:22.505Z] Error: write EIO
    at afterWriteDispatched (node:internal/stream_base_commons:159:15)
    at writeGeneric (node:internal/stream_base_commons:150:3)
    at Socket._writeGeneric (node:net:971:11)
    at Socket._write (node:net:983:8)
    at writeOrBuffer (node:internal/streams/writable:572:12)
    at _write (node:internal/streams/writable:501:10)
    at Writable.write (node:internal/streams/writable:510:10)
    at Console.log (/Users/eliastlcthomas/.npm/_npx/7750544ccf494d8b/node_modules/winston/lib/winston/transports/console.js:87:23)
    at Console._write (/Users/eliastlcthomas/.npm/_npx/7750544ccf494d8b/node_modules/winston-transport/modern.js:103:17)
    at doWrite (/Users/eliastlcthomas/.npm/_npx/7750544ccf494d8b/node_modules/winston-transport/node_modules/readable-stream/lib/_stream_writable.js:390:139)
[error] 
[error] Error: An unexpected error has occurred.
[debug] [2025-08-27T19:45:22.506Z] Error: write EIO
    at afterWriteDispatched (node:internal/stream_base_commons:159:15)
    at writeGeneric (node:internal/stream_base_commons:150:3)
    at Socket._writeGeneric (node:net:971:11)
    at Socket._write (node:net:983:8)
    at writeOrBuffer (node:internal/streams/writable:572:12)
    at _write (node:internal/streams/writable:501:10)
    at Writable.write (node:internal/streams/writable:510:10)
    at Console.log (/Users/eliastlcthomas/.npm/_npx/7750544ccf494d8b/node_modules/winston/lib/winston/transports/console.js:87:23)
    at Console._write (/Users/eliastlcthomas/.npm/_npx/7750544ccf494d8b/node_modules/winston-transport/modern.js:103:17)
    at doWrite (/Users/eliastlcthomas/.npm/_npx/7750544ccf494d8b/node_modules/winston-transport/node_modules/readable-stream/lib/_stream_writable.js:390:139)
[error] 
[error] Error: An unexpected error has occurred.
[debug] [2025-08-27T19:45:22.506Z] Error: write EIO
    at afterWriteDispatched (node:internal/stream_base_commons:159:15)
    at writeGeneric (node:internal/stream_base_commons:150:3)
    at Socket._writeGeneric (node:net:971:11)
    at Socket._write (node:net:983:8)
    at writeOrBuffer (node:internal/streams/writable:572:12)
    at _write (node:internal/streams/writable:501:10)
    at Writable.write (node:internal/streams/writable:510:10)
    at Console.log (/Users/eliastlcthomas/.npm/_npx/7750544ccf494d8b/node_modules/winston/lib/winston/transports/console.js:87:23)
    at Console._write (/Users/eliastlcthomas/.npm/_npx/7750544ccf494d8b/node_modules/winston-transport/modern.js:103:17)
    at doWrite (/Users/eliastlcthomas/.npm/_npx/7750544ccf494d8b/node_modules/winston-transport/node_modules/readable-stream/lib/_stream_writable.js:390:139)
[error] 
[error] Error: An unexpected error has occurred.
[debug] [2025-08-27T19:45:22.507Z] Error: write EIO
    at afterWriteDispatched (node:internal/stream_base_commons:159:15)
    at writeGeneric (node:internal/stream_base_commons:150:3)
    at Socket._writeGeneric (node:net:971:11)
    at Socket._write (node:net:983:8)
    at writeOrBuffer (node:internal/streams/writable:572:12)
    at _write (node:internal/streams/writable:501:10)
    at Writable.write (node:internal/streams/writable:510:10)
    at Console.log (/Users/eliastlcthomas/.npm/_npx/7750544ccf494d8b/node_modules/winston/lib/winston/transports/console.js:87:23)
    at Console._write (/Users/eliastlcthomas/.npm/_npx/7750544ccf494d8b/node_modules/winston-transport/modern.js:103:17)
    at doWrite (/Users/eliastlcthomas/.npm/_npx/7750544ccf494d8b/node_modules/winston-transport/node_modules/readable-stream/lib/_stream_writable.js:390:139)
[error] 
[error] Error: An unexpected error has occurred.
[debug] [2025-08-27T19:45:22.507Z] Error: write EIO
    at afterWriteDispatched (node:internal/stream_base_commons:159:15)
    at writeGeneric (node:internal/stream_base_commons:150:3)
    at Socket._writeGeneric (node:net:971:11)
    at Socket._write (node:net:983:8)
    at writeOrBuffer (node:internal/streams/writable:572:12)
    at _write (node:internal/streams/writable:501:10)
    at Writable.write (node:internal/streams/writable:510:10)
    at Console.log (/Users/eliastlcthomas/.npm/_npx/7750544ccf494d8b/node_modules/winston/lib/winston/transports/console.js:87:23)
    at Console._write (/Users/eliastlcthomas/.npm/_npx/7750544ccf494d8b/node_modules/winston-transport/modern.js:103:17)
    at doWrite (/Users/eliastlcthomas/.npm/_npx/7750544ccf494d8b/node_modules/winston-transport/node_modules/readable-stream/lib/_stream_writable.js:390:139)
[error] 
[error] Error: An unexpected error has occurred.
[debug] [2025-08-27T19:45:22.507Z] Error: write EIO
    at afterWriteDispatched (node:internal/stream_base_commons:159:15)
    at writeGeneric (node:internal/stream_base_commons:150:3)
    at Socket._writeGeneric (node:net:971:11)
    at Socket._write (node:net:983:8)
    at writeOrBuffer (node:internal/streams/writable:572:12)
    at _write (node:internal/streams/writable:501:10)
    at Writable.write (node:internal/streams/writable:510:10)
    at Console.log (/Users/eliastlcthomas/.npm/_npx/7750544ccf494d8b/node_modules/winston/lib/winston/transports/console.js:87:23)
    at Console._write (/Users/eliastlcthomas/.npm/_npx/7750544ccf494d8b/node_modules/winston-transport/modern.js:103:17)
    at doWrite (/Users/eliastlcthomas/.npm/_npx/7750544ccf494d8b/node_modules/winston-transport/node_modules/readable-stream/lib/_stream_writable.js:390:139)
[error] 
[error] Error: An unexpected error has occurred.
[debug] [2025-08-27T19:45:22.508Z] Error: write EIO
    at afterWriteDispatched (node:internal/stream_base_commons:159:15)
    at writeGeneric (node:internal/stream_base_commons:150:3)
    at Socket._writeGeneric (node:net:971:11)
    at Socket._write (node:net:983:8)
    at writeOrBuffer (node:internal/streams/writable:572:12)
    at _write (node:internal/streams/writable:501:10)
    at Writable.write (node:internal/streams/writable:510:10)
    at Console.log (/Users/eliastlcthomas/.npm/_npx/7750544ccf494d8b/node_modules/winston/lib/winston/transports/console.js:87:23)
    at Console._write (/Users/eliastlcthomas/.npm/_npx/7750544ccf494d8b/node_modules/winston-transport/modern.js:103:17)
    at doWrite (/Users/eliastlcthomas/.npm/_npx/7750544ccf494d8b/node_modules/winston-transport/node_modules/readable-stream/lib/_stream_writable.js:390:139)
[error] 
[error] Error: An unexpected error has occurred.
[debug] [2025-08-27T19:45:22.508Z] Error: write EIO
    at afterWriteDispatched (node:internal/stream_base_commons:159:15)
    at writeGeneric (node:internal/stream_base_commons:150:3)
    at Socket._writeGeneric (node:net:971:11)
    at Socket._write (node:net:983:8)
    at writeOrBuffer (node:internal/streams/writable:572:12)
    at _write (node:internal/streams/writable:501:10)
    at Writable.write (node:internal/streams/writable:510:10)
    at Console.log (/Users/eliastlcthomas/.npm/_npx/7750544ccf494d8b/node_modules/winston/lib/winston/transports/console.js:87:23)
    at Console._write (/Users/eliastlcthomas/.npm/_npx/7750544ccf494d8b/node_modules/winston-transport/modern.js:103:17)
    at doWrite (/Users/eliastlcthomas/.npm/_npx/7750544ccf494d8b/node_modules/winston-transport/node_modules/readable-stream/lib/_stream_writable.js:390:139)
[error] 
[error] Error: An unexpected error has occurred.
[debug] [2025-08-27T19:45:22.509Z] Error: write EIO
    at afterWriteDispatched (node:internal/stream_base_commons:159:15)
    at writeGeneric (node:internal/stream_base_commons:150:3)
    at Socket._writeGeneric (node:net:971:11)
    at Socket._write (node:net:983:8)
    at writeOrBuffer (node:internal/streams/writable:572:12)
    at _write (node:internal/streams/writable:501:10)
    at Writable.write (node:internal/streams/writable:510:10)
    at Console.log (/Users/eliastlcthomas/.npm/_npx/7750544ccf494d8b/node_modules/winston/lib/winston/transports/console.js:87:23)
    at Console._write (/Users/eliastlcthomas/.npm/_npx/7750544ccf494d8b/node_modules/winston-transport/modern.js:103:17)
    at doWrite (/Users/eliastlcthomas/.npm/_npx/7750544ccf494d8b/node_modules/winston-transport/node_modules/readable-stream/lib/_stream_writable.js:390:139)
[error] 
[error] Error: An unexpected error has occurred.
[debug] [2025-08-27T19:45:22.510Z] Error: write EIO
    at afterWriteDispatched (node:internal/stream_base_commons:159:15)
    at writeGeneric (node:internal/stream_base_commons:150:3)
    at Socket._writeGeneric (node:net:971:11)
    at Socket._write (node:net:983:8)
    at writeOrBuffer (node:internal/streams/writable:572:12)
    at _write (node:internal/streams/writable:501:10)
    at Writable.write (node:internal/streams/writable:510:10)
    at Console.log (/Users/eliastlcthomas/.npm/_npx/7750544ccf494d8b/node_modules/winston/lib/winston/transports/console.js:87:23)
    at Console._write (/Users/eliastlcthomas/.npm/_npx/7750544ccf494d8b/node_modules/winston-transport/modern.js:103:17)
    at doWrite (/Users/eliastlcthomas/.npm/_npx/7750544ccf494d8b/node_modules/winston-transport/node_modules/readable-stream/lib/_stream_writable.js:390:139)
[error] 
[error] Error: An unexpected error has occurred.
[debug] [2025-08-27T19:45:22.511Z] Error: write EIO
    at afterWriteDispatched (node:internal/stream_base_commons:159:15)
    at writeGeneric (node:internal/stream_base_commons:150:3)
    at Socket._writeGeneric (node:net:971:11)
    at Socket._write (node:net:983:8)
    at writeOrBuffer (node:internal/streams/writable:572:12)
    at _write (node:internal/streams/writable:501:10)
    at Writable.write (node:internal/streams/writable:510:10)
    at Console.log (/Users/eliastlcthomas/.npm/_npx/7750544ccf494d8b/node_modules/winston/lib/winston/transports/console.js:87:23)
    at Console._write (/Users/eliastlcthomas/.npm/_npx/7750544ccf494d8b/node_modules/winston-transport/modern.js:103:17)
    at doWrite (/Users/eliastlcthomas/.npm/_npx/7750544ccf494d8b/node_modules/winston-transport/node_modules/readable-stream/lib/_stream_writable.js:390:139)
[error] 
[error] Error: An unexpected error has occurred.
[debug] [2025-08-27T19:45:22.511Z] Error: write EIO
    at afterWriteDispatched (node:internal/stream_base_commons:159:15)
    at writeGeneric (node:internal/stream_base_commons:150:3)
    at Socket._writeGeneric (node:net:971:11)
    at Socket._write (node:net:983:8)
    at writeOrBuffer (node:internal/streams/writable:572:12)
    at _write (node:internal/streams/writable:501:10)
    at Writable.write (node:internal/streams/writable:510:10)
    at Console.log (/Users/eliastlcthomas/.npm/_npx/7750544ccf494d8b/node_modules/winston/lib/winston/transports/console.js:87:23)
    at Console._write (/Users/eliastlcthomas/.npm/_npx/7750544ccf494d8b/node_modules/winston-transport/modern.js:103:17)
    at doWrite (/Users/eliastlcthomas/.npm/_npx/7750544ccf494d8b/node_modules/winston-transport/node_modules/readable-stream/lib/_stream_writable.js:390:139)
[error] 
[error] Error: An unexpected error has occurred.
[debug] [2025-08-27T19:45:22.513Z] Error: write EIO
    at afterWriteDispatched (node:internal/stream_base_commons:159:15)
    at writeGeneric (node:internal/stream_base_commons:150:3)
    at Socket._writeGeneric (node:net:971:11)
    at Socket._write (node:net:983:8)
    at writeOrBuffer (node:internal/streams/writable:572:12)
    at _write (node:internal/streams/writable:501:10)
    at Writable.write (node:internal/streams/writable:510:10)
    at Console.log (/Users/eliastlcthomas/.npm/_npx/7750544ccf494d8b/node_modules/winston/lib/winston/transports/console.js:87:23)
    at Console._write (/Users/eliastlcthomas/.npm/_npx/7750544ccf494d8b/node_modules/winston-transport/modern.js:103:17)
    at doWrite (/Users/eliastlcthomas/.npm/_npx/7750544ccf494d8b/node_modules/winston-transport/node_modules/readable-stream/lib/_stream_writable.js:390:139)
[error] 
[error] Error: An unexpected error has occurred.
[debug] [2025-08-27T19:45:22.514Z] Error: write EIO
    at afterWriteDispatched (node:internal/stream_base_commons:159:15)
    at writeGeneric (node:internal/stream_base_commons:150:3)
    at Socket._writeGeneric (node:net:971:11)
    at Socket._write (node:net:983:8)
    at writeOrBuffer (node:internal/streams/writable:572:12)
    at _write (node:internal/streams/writable:501:10)
    at Writable.write (node:internal/streams/writable:510:10)
    at Console.log (/Users/eliastlcthomas/.npm/_npx/7750544ccf494d8b/node_modules/winston/lib/winston/transports/console.js:87:23)
    at Console._write (/Users/eliastlcthomas/.npm/_npx/7750544ccf494d8b/node_modules/winston-transport/modern.js:103:17)
    at doWrite (/Users/eliastlcthomas/.npm/_npx/7750544ccf494d8b/node_modules/winston-transport/node_modules/readable-stream/lib/_stream_writable.js:390:139)
[error] 
[error] Error: An unexpected error has occurred.
[debug] [2025-08-27T19:45:22.514Z] Error: write EIO
    at afterWriteDispatched (node:internal/stream_base_commons:159:15)
    at writeGeneric (node:internal/stream_base_commons:150:3)
    at Socket._writeGeneric (node:net:971:11)
    at Socket._write (node:net:983:8)
    at writeOrBuffer (node:internal/streams/writable:572:12)
    at _write (node:internal/streams/writable:501:10)
    at Writable.write (node:internal/streams/writable:510:10)
    at Console.log (/Users/eliastlcthomas/.npm/_npx/7750544ccf494d8b/node_modules/winston/lib/winston/transports/console.js:87:23)
    at Console._write (/Users/eliastlcthomas/.npm/_npx/7750544ccf494d8b/node_modules/winston-transport/modern.js:103:17)
    at doWrite (/Users/eliastlcthomas/.npm/_npx/7750544ccf494d8b/node_modules/winston-transport/node_modules/readable-stream/lib/_stream_writable.js:390:139)
[error] 
[error] Error: An unexpected error has occurred.
[debug] [2025-08-27T19:45:22.514Z] Error: write EIO
    at afterWriteDispatched (node:internal/stream_base_commons:159:15)
    at writeGeneric (node:internal/stream_base_commons:150:3)
    at Socket._writeGeneric (node:net:971:11)
    at Socket._write (node:net:983:8)
    at writeOrBuffer (node:internal/streams/writable:572:12)
    at _write (node:internal/streams/writable:501:10)
    at Writable.write (node:internal/streams/writable:510:10)
    at Console.log (/Users/eliastlcthomas/.npm/_npx/7750544ccf494d8b/node_modules/winston/lib/winston/transports/console.js:87:23)
    at Console._write (/Users/eliastlcthomas/.npm/_npx/7750544ccf494d8b/node_modules/winston-transport/modern.js:103:17)
    at doWrite (/Users/eliastlcthomas/.npm/_npx/7750544ccf494d8b/node_modules/winston-transport/node_modules/readable-stream/lib/_stream_writable.js:390:139)
[error] 
[error] Error: An unexpected error has occurred.
[debug] [2025-08-27T19:45:22.515Z] Error: write EIO
    at afterWriteDispatched (node:internal/stream_base_commons:159:15)
    at writeGeneric (node:internal/stream_base_commons:150:3)
    at Socket._writeGeneric (node:net:971:11)
    at Socket._write (node:net:983:8)
    at writeOrBuffer (node:internal/streams/writable:572:12)
    at _write (node:internal/streams/writable:501:10)
    at Writable.write (node:internal/streams/writable:510:10)
    at Console.log (/Users/eliastlcthomas/.npm/_npx/7750544ccf494d8b/node_modules/winston/lib/winston/transports/console.js:87:23)
    at Console._write (/Users/eliastlcthomas/.npm/_npx/7750544ccf494d8b/node_modules/winston-transport/modern.js:103:17)
    at doWrite (/Users/eliastlcthomas/.npm/_npx/7750544ccf494d8b/node_modules/winston-transport/node_modules/readable-stream/lib/_stream_writable.js:390:139)
[error] 
[error] Error: An unexpected error has occurred.
[debug] [2025-08-27T19:45:22.515Z] Error: write EIO
    at afterWriteDispatched (node:internal/stream_base_commons:159:15)
    at writeGeneric (node:internal/stream_base_commons:150:3)
    at Socket._writeGeneric (node:net:971:11)
    at Socket._write (node:net:983:8)
    at writeOrBuffer (node:internal/streams/writable:572:12)
    at _write (node:internal/streams/writable:501:10)
    at Writable.write (node:internal/streams/writable:510:10)
    at Console.log (/Users/eliastlcthomas/.npm/_npx/7750544ccf494d8b/node_modules/winston/lib/winston/transports/console.js:87:23)
    at Console._write (/Users/eliastlcthomas/.npm/_npx/7750544ccf494d8b/node_modules/winston-transport/modern.js:103:17)
    at doWrite (/Users/eliastlcthomas/.npm/_npx/7750544ccf494d8b/node_modules/winston-transport/node_modules/readable-stream/lib/_stream_writable.js:390:139)
[error] 
[error] Error: An unexpected error has occurred.
[debug] [2025-08-27T19:45:22.515Z] Error: write EIO
    at afterWriteDispatched (node:internal/stream_base_commons:159:15)
    at writeGeneric (node:internal/stream_base_commons:150:3)
    at Socket._writeGeneric (node:net:971:11)
    at Socket._write (node:net:983:8)
    at writeOrBuffer (node:internal/streams/writable:572:12)
    at _write (node:internal/streams/writable:501:10)
    at Writable.write (node:internal/streams/writable:510:10)
    at Console.log (/Users/eliastlcthomas/.npm/_npx/7750544ccf494d8b/node_modules/winston/lib/winston/transports/console.js:87:23)
    at Console._write (/Users/eliastlcthomas/.npm/_npx/7750544ccf494d8b/node_modules/winston-transport/modern.js:103:17)
    at doWrite (/Users/eliastlcthomas/.npm/_npx/7750544ccf494d8b/node_modules/winston-transport/node_modules/readable-stream/lib/_stream_writable.js:390:139)
[error] 
[error] Error: An unexpected error has occurred.
[debug] [2025-08-27T19:45:22.515Z] Error: write EIO
    at afterWriteDispatched (node:internal/stream_base_commons:159:15)
    at writeGeneric (node:internal/stream_base_commons:150:3)
    at Socket._writeGeneric (node:net:971:11)
    at Socket._write (node:net:983:8)
    at writeOrBuffer (node:internal/streams/writable:572:12)
    at _write (node:internal/streams/writable:501:10)
    at Writable.write (node:internal/streams/writable:510:10)
    at Console.log (/Users/eliastlcthomas/.npm/_npx/7750544ccf494d8b/node_modules/winston/lib/winston/transports/console.js:87:23)
    at Console._write (/Users/eliastlcthomas/.npm/_npx/7750544ccf494d8b/node_modules/winston-transport/modern.js:103:17)
    at doWrite (/Users/eliastlcthomas/.npm/_npx/7750544ccf494d8b/node_modules/winston-transport/node_modules/readable-stream/lib/_stream_writable.js:390:139)
[error] 
[error] Error: An unexpected error has occurred.
